<?xml version="1.0" encoding="UTF-8"?>
<testsuite name="com.yneerg.admin.book.web.HelloControllerTest" tests="2" skipped="0" failures="0" errors="0" timestamp="2021-01-11T13:22:12" hostname="DESKTOP-R0OVR4N" time="0.241">
  <properties/>
  <testcase name="hello()" classname="com.yneerg.admin.book.web.HelloControllerTest" time="0.099"/>
  <testcase name="hello_dto()" classname="com.yneerg.admin.book.web.HelloControllerTest" time="0.141"/>
  <system-out><![CDATA[2021-01-11 22:22:10.900  INFO 556 --- [    Test worker] .b.t.a.w.s.WebMvcTestContextBootstrapper : Neither @ContextConfiguration nor @ContextHierarchy found for test class [com.yneerg.admin.book.web.HelloControllerTest], using SpringBootContextLoader
2021-01-11 22:22:10.902  INFO 556 --- [    Test worker] o.s.t.c.support.AbstractContextLoader    : Could not detect default resource locations for test class [com.yneerg.admin.book.web.HelloControllerTest]: no resource found for suffixes {-context.xml, Context.groovy}.
2021-01-11 22:22:10.903  INFO 556 --- [    Test worker] t.c.s.AnnotationConfigContextLoaderUtils : Could not detect default configuration classes for test class [com.yneerg.admin.book.web.HelloControllerTest]: HelloControllerTest does not declare any static, non-private, non-final, nested classes annotated with @Configuration.
2021-01-11 22:22:10.936  INFO 556 --- [    Test worker] .b.t.c.SpringBootTestContextBootstrapper : Found @SpringBootConfiguration com.yneerg.admin.book.Application for test class com.yneerg.admin.book.web.HelloControllerTest
2021-01-11 22:22:10.938  INFO 556 --- [    Test worker] .b.t.a.w.s.WebMvcTestContextBootstrapper : Loaded default TestExecutionListener class names from location [META-INF/spring.factories]: [org.springframework.security.test.context.support.WithSecurityContextTestExecutionListener, org.springframework.security.test.context.support.ReactorContextTestExecutionListener, org.springframework.boot.test.autoconfigure.restdocs.RestDocsTestExecutionListener, org.springframework.boot.test.autoconfigure.web.client.MockRestServiceServerResetTestExecutionListener, org.springframework.boot.test.autoconfigure.web.servlet.MockMvcPrintOnlyOnFailureTestExecutionListener, org.springframework.boot.test.autoconfigure.web.servlet.WebDriverTestExecutionListener, org.springframework.boot.test.autoconfigure.webservices.client.MockWebServiceServerTestExecutionListener, org.springframework.boot.test.mock.mockito.MockitoTestExecutionListener, org.springframework.boot.test.mock.mockito.ResetMocksTestExecutionListener, org.springframework.test.context.web.ServletTestExecutionListener, org.springframework.test.context.support.DirtiesContextBeforeModesTestExecutionListener, org.springframework.test.context.support.DependencyInjectionTestExecutionListener, org.springframework.test.context.support.DirtiesContextTestExecutionListener, org.springframework.test.context.transaction.TransactionalTestExecutionListener, org.springframework.test.context.jdbc.SqlScriptsTestExecutionListener, org.springframework.test.context.event.EventPublishingTestExecutionListener]
2021-01-11 22:22:10.940  INFO 556 --- [    Test worker] .b.t.a.w.s.WebMvcTestContextBootstrapper : Using TestExecutionListeners: [org.springframework.test.context.web.ServletTestExecutionListener@115c045, org.springframework.test.context.support.DirtiesContextBeforeModesTestExecutionListener@6f3fdd53, org.springframework.boot.test.mock.mockito.MockitoTestExecutionListener@28e8fcfe, org.springframework.boot.test.autoconfigure.SpringBootDependencyInjectionTestExecutionListener@60466187, org.springframework.test.context.support.DirtiesContextTestExecutionListener@4ffe9222, org.springframework.test.context.transaction.TransactionalTestExecutionListener@5eba1bcb, org.springframework.test.context.jdbc.SqlScriptsTestExecutionListener@31da13ee, org.springframework.security.test.context.support.WithSecurityContextTestExecutionListener@62c3060b, org.springframework.test.context.event.EventPublishingTestExecutionListener@5997e7f3, org.springframework.security.test.context.support.ReactorContextTestExecutionListener@577dcb49, org.springframework.boot.test.autoconfigure.restdocs.RestDocsTestExecutionListener@36d9f72b, org.springframework.boot.test.autoconfigure.web.client.MockRestServiceServerResetTestExecutionListener@4c505ca5, org.springframework.boot.test.autoconfigure.web.servlet.MockMvcPrintOnlyOnFailureTestExecutionListener@2a1e82a3, org.springframework.boot.test.autoconfigure.web.servlet.WebDriverTestExecutionListener@1300332a, org.springframework.boot.test.autoconfigure.webservices.client.MockWebServiceServerTestExecutionListener@6a99eece, org.springframework.boot.test.mock.mockito.ResetMocksTestExecutionListener@24e2224c]

  .   ____          _            __ _ _
 /\\ / ___'_ __ _ _(_)_ __  __ _ \ \ \ \
( ( )\___ | '_ | '_| | '_ \/ _` | \ \ \ \
 \\/  ___)| |_)| | | | | || (_| |  ) ) ) )
  '  |____| .__|_| |_|_| |_\__, | / / / /
 =========|_|==============|___/=/_/_/_/
 :: Spring Boot ::                (v2.4.1)

2021-01-11 22:22:10.995  INFO 556 --- [    Test worker] c.y.admin.book.web.HelloControllerTest   : Starting HelloControllerTest using Java 11.0.8 on DESKTOP-R0OVR4N with PID 556 (started by pang2 in C:\Users\82102\OneDrive\Spring_AWS_Book_Ex)
2021-01-11 22:22:10.997  INFO 556 --- [    Test worker] c.y.admin.book.web.HelloControllerTest   : No active profile set, falling back to default profiles: default
2021-01-11 22:22:11.590  INFO 556 --- [    Test worker] o.s.s.concurrent.ThreadPoolTaskExecutor  : Initializing ExecutorService 'applicationTaskExecutor'
2021-01-11 22:22:11.641  INFO 556 --- [    Test worker] o.s.b.a.w.s.WelcomePageHandlerMapping    : Adding welcome page template: index
2021-01-11 22:22:12.149  INFO 556 --- [    Test worker] o.s.s.web.DefaultSecurityFilterChain     : Will secure any request with [org.springframework.security.web.context.request.async.WebAsyncManagerIntegrationFilter@3c130560, org.springframework.security.web.context.SecurityContextPersistenceFilter@7e1ae5d2, org.springframework.security.web.header.HeaderWriterFilter@418d89f0, org.springframework.security.web.csrf.CsrfFilter@7c8e6f1a, org.springframework.security.web.authentication.logout.LogoutFilter@38bac7b9, org.springframework.security.oauth2.client.web.OAuth2AuthorizationRequestRedirectFilter@222f0d85, org.springframework.security.oauth2.client.web.OAuth2AuthorizationRequestRedirectFilter@e7bb10, org.springframework.security.oauth2.client.web.OAuth2LoginAuthenticationFilter@47d054c2, org.springframework.security.web.authentication.ui.DefaultLoginPageGeneratingFilter@7c2c192e, org.springframework.security.web.authentication.ui.DefaultLogoutPageGeneratingFilter@2431f2a5, org.springframework.security.web.savedrequest.RequestCacheAwareFilter@164a431b, org.springframework.security.web.servletapi.SecurityContextHolderAwareRequestFilter@3ba59a2b, org.springframework.security.web.authentication.AnonymousAuthenticationFilter@60a54f74, org.springframework.security.oauth2.client.web.OAuth2AuthorizationCodeGrantFilter@359b8c16, org.springframework.security.web.session.SessionManagementFilter@3aa21144, org.springframework.security.web.access.ExceptionTranslationFilter@4ef4d98b, org.springframework.security.web.access.intercept.FilterSecurityInterceptor@347476f9]
2021-01-11 22:22:12.282  INFO 556 --- [    Test worker] o.s.b.t.m.w.SpringBootMockServletContext : Initializing Spring TestDispatcherServlet ''
2021-01-11 22:22:12.283  INFO 556 --- [    Test worker] o.s.t.web.servlet.TestDispatcherServlet  : Initializing Servlet ''
2021-01-11 22:22:12.284  INFO 556 --- [    Test worker] o.s.t.web.servlet.TestDispatcherServlet  : Completed initialization in 1 ms
2021-01-11 22:22:12.309  INFO 556 --- [    Test worker] c.y.admin.book.web.HelloControllerTest   : Started HelloControllerTest in 1.364 seconds (JVM running for 11.643)
]]></system-out>
  <system-err><![CDATA[]]></system-err>
</testsuite>
