<?xml version="1.0" encoding="UTF-8"?>
<testsuite name="com.yneerg.admin.book.web.IndexControllerTest" tests="1" skipped="0" failures="0" errors="0" timestamp="2021-01-11T13:22:15" hostname="DESKTOP-R0OVR4N" time="0.541">
  <properties/>
  <testcase name="mainpage_loading()" classname="com.yneerg.admin.book.web.IndexControllerTest" time="0.541"/>
  <system-out><![CDATA[2021-01-11 22:22:12.561  INFO 556 --- [    Test worker] .b.t.c.SpringBootTestContextBootstrapper : Neither @ContextConfiguration nor @ContextHierarchy found for test class [com.yneerg.admin.book.web.IndexControllerTest], using SpringBootContextLoader
2021-01-11 22:22:12.563  INFO 556 --- [    Test worker] o.s.t.c.support.AbstractContextLoader    : Could not detect default resource locations for test class [com.yneerg.admin.book.web.IndexControllerTest]: no resource found for suffixes {-context.xml, Context.groovy}.
2021-01-11 22:22:12.563  INFO 556 --- [    Test worker] t.c.s.AnnotationConfigContextLoaderUtils : Could not detect default configuration classes for test class [com.yneerg.admin.book.web.IndexControllerTest]: IndexControllerTest does not declare any static, non-private, non-final, nested classes annotated with @Configuration.
2021-01-11 22:22:12.566  INFO 556 --- [    Test worker] .b.t.c.SpringBootTestContextBootstrapper : Found @SpringBootConfiguration com.yneerg.admin.book.Application for test class com.yneerg.admin.book.web.IndexControllerTest
2021-01-11 22:22:12.569  INFO 556 --- [    Test worker] .b.t.c.SpringBootTestContextBootstrapper : Loaded default TestExecutionListener class names from location [META-INF/spring.factories]: [org.springframework.security.test.context.support.WithSecurityContextTestExecutionListener, org.springframework.security.test.context.support.ReactorContextTestExecutionListener, org.springframework.boot.test.autoconfigure.restdocs.RestDocsTestExecutionListener, org.springframework.boot.test.autoconfigure.web.client.MockRestServiceServerResetTestExecutionListener, org.springframework.boot.test.autoconfigure.web.servlet.MockMvcPrintOnlyOnFailureTestExecutionListener, org.springframework.boot.test.autoconfigure.web.servlet.WebDriverTestExecutionListener, org.springframework.boot.test.autoconfigure.webservices.client.MockWebServiceServerTestExecutionListener, org.springframework.boot.test.mock.mockito.MockitoTestExecutionListener, org.springframework.boot.test.mock.mockito.ResetMocksTestExecutionListener, org.springframework.test.context.web.ServletTestExecutionListener, org.springframework.test.context.support.DirtiesContextBeforeModesTestExecutionListener, org.springframework.test.context.support.DependencyInjectionTestExecutionListener, org.springframework.test.context.support.DirtiesContextTestExecutionListener, org.springframework.test.context.transaction.TransactionalTestExecutionListener, org.springframework.test.context.jdbc.SqlScriptsTestExecutionListener, org.springframework.test.context.event.EventPublishingTestExecutionListener]
2021-01-11 22:22:12.571  INFO 556 --- [    Test worker] .b.t.c.SpringBootTestContextBootstrapper : Using TestExecutionListeners: [org.springframework.test.context.web.ServletTestExecutionListener@450d0b25, org.springframework.test.context.support.DirtiesContextBeforeModesTestExecutionListener@2e3254f8, org.springframework.boot.test.mock.mockito.MockitoTestExecutionListener@39b48bd5, org.springframework.boot.test.autoconfigure.SpringBootDependencyInjectionTestExecutionListener@54f5722f, org.springframework.test.context.support.DirtiesContextTestExecutionListener@790c0fb7, org.springframework.test.context.transaction.TransactionalTestExecutionListener@452511fa, org.springframework.test.context.jdbc.SqlScriptsTestExecutionListener@58d2d0a8, org.springframework.security.test.context.support.WithSecurityContextTestExecutionListener@2749b597, org.springframework.test.context.event.EventPublishingTestExecutionListener@3ea1677e, org.springframework.security.test.context.support.ReactorContextTestExecutionListener@53660b91, org.springframework.boot.test.autoconfigure.restdocs.RestDocsTestExecutionListener@1dffc6c5, org.springframework.boot.test.autoconfigure.web.client.MockRestServiceServerResetTestExecutionListener@77f03de0, org.springframework.boot.test.autoconfigure.web.servlet.MockMvcPrintOnlyOnFailureTestExecutionListener@425f3ef7, org.springframework.boot.test.autoconfigure.web.servlet.WebDriverTestExecutionListener@21068fae, org.springframework.boot.test.autoconfigure.webservices.client.MockWebServiceServerTestExecutionListener@42acaca5, org.springframework.boot.test.mock.mockito.ResetMocksTestExecutionListener@3445862d]

  .   ____          _            __ _ _
 /\\ / ___'_ __ _ _(_)_ __  __ _ \ \ \ \
( ( )\___ | '_ | '_| | '_ \/ _` | \ \ \ \
 \\/  ___)| |_)| | | | | || (_| |  ) ) ) )
  '  |____| .__|_| |_|_| |_\__, | / / / /
 =========|_|==============|___/=/_/_/_/
 :: Spring Boot ::                (v2.4.1)

2021-01-11 22:22:12.622  INFO 556 --- [    Test worker] c.y.admin.book.web.IndexControllerTest   : Starting IndexControllerTest using Java 11.0.8 on DESKTOP-R0OVR4N with PID 556 (started by pang2 in C:\Users\82102\OneDrive\Spring_AWS_Book_Ex)
2021-01-11 22:22:12.623  INFO 556 --- [    Test worker] c.y.admin.book.web.IndexControllerTest   : No active profile set, falling back to default profiles: default
2021-01-11 22:22:12.946  INFO 556 --- [    Test worker] .s.d.r.c.RepositoryConfigurationDelegate : Bootstrapping Spring Data JPA repositories in DEFAULT mode.
2021-01-11 22:22:12.985  INFO 556 --- [    Test worker] .s.d.r.c.RepositoryConfigurationDelegate : Finished Spring Data repository scanning in 38 ms. Found 2 JPA repository interfaces.
2021-01-11 22:22:13.422  INFO 556 --- [    Test worker] o.s.b.w.embedded.tomcat.TomcatWebServer  : Tomcat initialized with port(s): 0 (http)
2021-01-11 22:22:13.438  INFO 556 --- [    Test worker] o.apache.catalina.core.StandardService   : Starting service [Tomcat]
2021-01-11 22:22:13.438  INFO 556 --- [    Test worker] org.apache.catalina.core.StandardEngine  : Starting Servlet engine: [Apache Tomcat/9.0.41]
2021-01-11 22:22:13.665  INFO 556 --- [    Test worker] o.a.c.c.C.[Tomcat].[localhost].[/]       : Initializing Spring embedded WebApplicationContext
2021-01-11 22:22:13.665  INFO 556 --- [    Test worker] w.s.c.ServletWebServerApplicationContext : Root WebApplicationContext: initialization completed in 1036 ms
2021-01-11 22:22:13.899  INFO 556 --- [    Test worker] com.zaxxer.hikari.HikariDataSource       : HikariPool-2 - Starting...
2021-01-11 22:22:13.900  INFO 556 --- [    Test worker] com.zaxxer.hikari.HikariDataSource       : HikariPool-2 - Start completed.
2021-01-11 22:22:13.936  INFO 556 --- [    Test worker] o.hibernate.jpa.internal.util.LogHelper  : HHH000204: Processing PersistenceUnitInfo [name: default]
2021-01-11 22:22:13.960  INFO 556 --- [    Test worker] org.hibernate.dialect.Dialect            : HHH000400: Using dialect: org.hibernate.dialect.MySQL57Dialect
2021-01-11 22:22:14.037  INFO 556 --- [    Test worker] o.h.e.t.j.p.i.JtaPlatformInitiator       : HHH000490: Using JtaPlatform implementation: [org.hibernate.engine.transaction.jta.platform.internal.NoJtaPlatform]
2021-01-11 22:22:14.037  INFO 556 --- [    Test worker] j.LocalContainerEntityManagerFactoryBean : Initialized JPA EntityManagerFactory for persistence unit 'default'
2021-01-11 22:22:14.215  WARN 556 --- [    Test worker] JpaBaseConfiguration$JpaWebConfiguration : spring.jpa.open-in-view is enabled by default. Therefore, database queries may be performed during view rendering. Explicitly configure spring.jpa.open-in-view to disable this warning
2021-01-11 22:22:14.508  INFO 556 --- [    Test worker] o.s.s.web.DefaultSecurityFilterChain     : Will secure any request with [org.springframework.security.web.context.request.async.WebAsyncManagerIntegrationFilter@7f961d9c, org.springframework.security.web.context.SecurityContextPersistenceFilter@4ed385ca, org.springframework.security.web.header.HeaderWriterFilter@67adf59e, org.springframework.security.web.authentication.logout.LogoutFilter@3db7fbe1, org.springframework.security.oauth2.client.web.OAuth2AuthorizationRequestRedirectFilter@619a7333, org.springframework.security.oauth2.client.web.OAuth2LoginAuthenticationFilter@31ef220c, org.springframework.security.web.authentication.ui.DefaultLoginPageGeneratingFilter@19e272d6, org.springframework.security.web.authentication.ui.DefaultLogoutPageGeneratingFilter@759ab805, org.springframework.security.web.savedrequest.RequestCacheAwareFilter@4136f75a, org.springframework.security.web.servletapi.SecurityContextHolderAwareRequestFilter@49bfebe7, org.springframework.security.web.authentication.AnonymousAuthenticationFilter@47ab5e6e, org.springframework.security.web.session.SessionManagementFilter@7ea5c51b, org.springframework.security.web.access.ExceptionTranslationFilter@2924d9cb, org.springframework.security.web.access.intercept.FilterSecurityInterceptor@2ea48457]
2021-01-11 22:22:14.681  INFO 556 --- [    Test worker] o.s.s.concurrent.ThreadPoolTaskExecutor  : Initializing ExecutorService 'applicationTaskExecutor'
2021-01-11 22:22:14.746  INFO 556 --- [    Test worker] o.s.b.a.w.s.WelcomePageHandlerMapping    : Adding welcome page template: index
2021-01-11 22:22:15.050  INFO 556 --- [    Test worker] o.s.b.w.embedded.tomcat.TomcatWebServer  : Tomcat started on port(s): 11549 (http) with context path ''
2021-01-11 22:22:15.054  INFO 556 --- [    Test worker] c.y.admin.book.web.IndexControllerTest   : Started IndexControllerTest in 2.478 seconds (JVM running for 14.387)
2021-01-11 22:22:15.193  INFO 556 --- [o-auto-1-exec-1] o.a.c.c.C.[Tomcat].[localhost].[/]       : Initializing Spring DispatcherServlet 'dispatcherServlet'
2021-01-11 22:22:15.193  INFO 556 --- [o-auto-1-exec-1] o.s.web.servlet.DispatcherServlet        : Initializing Servlet 'dispatcherServlet'
2021-01-11 22:22:15.194  INFO 556 --- [o-auto-1-exec-1] o.s.web.servlet.DispatcherServlet        : Completed initialization in 0 ms
2021-01-11 22:22:15.526  WARN 556 --- [o-auto-1-exec-1] o.a.c.util.SessionIdGeneratorBase        : Creation of SecureRandom instance for session ID generation using [SHA1PRNG] took [306] milliseconds.
]]></system-out>
  <system-err><![CDATA[]]></system-err>
</testsuite>
