<?xml version="1.0" encoding="UTF-8"?>
<testsuite name="com.yneerg.admin.book.domain.posts.PostsRepositoryTest" tests="2" skipped="0" failures="0" errors="0" timestamp="2021-01-11T13:22:10" hostname="DESKTOP-R0OVR4N" time="0.441">
  <properties/>
  <testcase name="save()" classname="com.yneerg.admin.book.domain.posts.PostsRepositoryTest" time="0.412"/>
  <testcase name="BaseTimeEntity등록()" classname="com.yneerg.admin.book.domain.posts.PostsRepositoryTest" time="0.027"/>
  <system-out><![CDATA[22:22:02.174 [Test worker] DEBUG org.springframework.test.context.BootstrapUtils - Instantiating CacheAwareContextLoaderDelegate from class [org.springframework.test.context.cache.DefaultCacheAwareContextLoaderDelegate]
22:22:02.201 [Test worker] DEBUG org.springframework.test.context.BootstrapUtils - Instantiating BootstrapContext using constructor [public org.springframework.test.context.support.DefaultBootstrapContext(java.lang.Class,org.springframework.test.context.CacheAwareContextLoaderDelegate)]
22:22:02.249 [Test worker] DEBUG org.springframework.test.context.BootstrapUtils - Instantiating TestContextBootstrapper for test class [com.yneerg.admin.book.domain.posts.PostsRepositoryTest] from class [org.springframework.boot.test.context.SpringBootTestContextBootstrapper]
22:22:02.271 [Test worker] INFO org.springframework.boot.test.context.SpringBootTestContextBootstrapper - Neither @ContextConfiguration nor @ContextHierarchy found for test class [com.yneerg.admin.book.domain.posts.PostsRepositoryTest], using SpringBootContextLoader
22:22:02.280 [Test worker] DEBUG org.springframework.test.context.support.AbstractContextLoader - Did not detect default resource location for test class [com.yneerg.admin.book.domain.posts.PostsRepositoryTest]: class path resource [com/yneerg/admin/book/domain/posts/PostsRepositoryTest-context.xml] does not exist
22:22:02.282 [Test worker] DEBUG org.springframework.test.context.support.AbstractContextLoader - Did not detect default resource location for test class [com.yneerg.admin.book.domain.posts.PostsRepositoryTest]: class path resource [com/yneerg/admin/book/domain/posts/PostsRepositoryTestContext.groovy] does not exist
22:22:02.282 [Test worker] INFO org.springframework.test.context.support.AbstractContextLoader - Could not detect default resource locations for test class [com.yneerg.admin.book.domain.posts.PostsRepositoryTest]: no resource found for suffixes {-context.xml, Context.groovy}.
22:22:02.284 [Test worker] INFO org.springframework.test.context.support.AnnotationConfigContextLoaderUtils - Could not detect default configuration classes for test class [com.yneerg.admin.book.domain.posts.PostsRepositoryTest]: PostsRepositoryTest does not declare any static, non-private, non-final, nested classes annotated with @Configuration.
22:22:02.358 [Test worker] DEBUG org.springframework.test.context.support.ActiveProfilesUtils - Could not find an 'annotation declaring class' for annotation type [org.springframework.test.context.ActiveProfiles] and class [com.yneerg.admin.book.domain.posts.PostsRepositoryTest]
22:22:02.459 [Test worker] DEBUG org.springframework.context.annotation.ClassPathScanningCandidateComponentProvider - Identified candidate component class: file [C:\Users\82102\OneDrive\Spring_AWS_Book_Ex\build\classes\java\main\com\yneerg\admin\book\Application.class]
22:22:02.461 [Test worker] INFO org.springframework.boot.test.context.SpringBootTestContextBootstrapper - Found @SpringBootConfiguration com.yneerg.admin.book.Application for test class com.yneerg.admin.book.domain.posts.PostsRepositoryTest
22:22:02.615 [Test worker] DEBUG org.springframework.boot.test.context.SpringBootTestContextBootstrapper - @TestExecutionListeners is not present for class [com.yneerg.admin.book.domain.posts.PostsRepositoryTest]: using defaults.
22:22:02.616 [Test worker] INFO org.springframework.boot.test.context.SpringBootTestContextBootstrapper - Loaded default TestExecutionListener class names from location [META-INF/spring.factories]: [org.springframework.security.test.context.support.WithSecurityContextTestExecutionListener, org.springframework.security.test.context.support.ReactorContextTestExecutionListener, org.springframework.boot.test.autoconfigure.restdocs.RestDocsTestExecutionListener, org.springframework.boot.test.autoconfigure.web.client.MockRestServiceServerResetTestExecutionListener, org.springframework.boot.test.autoconfigure.web.servlet.MockMvcPrintOnlyOnFailureTestExecutionListener, org.springframework.boot.test.autoconfigure.web.servlet.WebDriverTestExecutionListener, org.springframework.boot.test.autoconfigure.webservices.client.MockWebServiceServerTestExecutionListener, org.springframework.boot.test.mock.mockito.MockitoTestExecutionListener, org.springframework.boot.test.mock.mockito.ResetMocksTestExecutionListener, org.springframework.test.context.web.ServletTestExecutionListener, org.springframework.test.context.support.DirtiesContextBeforeModesTestExecutionListener, org.springframework.test.context.support.DependencyInjectionTestExecutionListener, org.springframework.test.context.support.DirtiesContextTestExecutionListener, org.springframework.test.context.transaction.TransactionalTestExecutionListener, org.springframework.test.context.jdbc.SqlScriptsTestExecutionListener, org.springframework.test.context.event.EventPublishingTestExecutionListener]
22:22:02.653 [Test worker] INFO org.springframework.boot.test.context.SpringBootTestContextBootstrapper - Using TestExecutionListeners: [org.springframework.test.context.web.ServletTestExecutionListener@7eba0510, org.springframework.test.context.support.DirtiesContextBeforeModesTestExecutionListener@6fe2f8c4, org.springframework.boot.test.mock.mockito.MockitoTestExecutionListener@356ff34f, org.springframework.boot.test.autoconfigure.SpringBootDependencyInjectionTestExecutionListener@503aee90, org.springframework.test.context.support.DirtiesContextTestExecutionListener@7e86e302, org.springframework.test.context.transaction.TransactionalTestExecutionListener@6da00ce, org.springframework.test.context.jdbc.SqlScriptsTestExecutionListener@4c656ed1, org.springframework.security.test.context.support.WithSecurityContextTestExecutionListener@4b2c57a3, org.springframework.test.context.event.EventPublishingTestExecutionListener@27b2337, org.springframework.security.test.context.support.ReactorContextTestExecutionListener@54f18fc6, org.springframework.boot.test.autoconfigure.restdocs.RestDocsTestExecutionListener@3305706f, org.springframework.boot.test.autoconfigure.web.client.MockRestServiceServerResetTestExecutionListener@1a3db8e3, org.springframework.boot.test.autoconfigure.web.servlet.MockMvcPrintOnlyOnFailureTestExecutionListener@41844208, org.springframework.boot.test.autoconfigure.web.servlet.WebDriverTestExecutionListener@19d36a41, org.springframework.boot.test.autoconfigure.webservices.client.MockWebServiceServerTestExecutionListener@1cde71c, org.springframework.boot.test.mock.mockito.ResetMocksTestExecutionListener@76c0ad66]
22:22:02.658 [Test worker] DEBUG org.springframework.test.context.support.AbstractDirtiesContextTestExecutionListener - Before test class: context [DefaultTestContext@1253aef7 testClass = PostsRepositoryTest, testInstance = [null], testMethod = [null], testException = [null], mergedContextConfiguration = [WebMergedContextConfiguration@180d12c5 testClass = PostsRepositoryTest, locations = '{}', classes = '{class com.yneerg.admin.book.Application}', contextInitializerClasses = '[]', activeProfiles = '{}', propertySourceLocations = '{}', propertySourceProperties = '{org.springframework.boot.test.context.SpringBootTestContextBootstrapper=true}', contextCustomizers = set[org.springframework.boot.test.autoconfigure.actuate.metrics.MetricsExportContextCustomizerFactory$DisableMetricExportContextCustomizer@720997c, org.springframework.boot.test.autoconfigure.properties.PropertyMappingContextCustomizer@0, org.springframework.boot.test.autoconfigure.web.servlet.WebDriverContextCustomizerFactory$Customizer@63582edf, org.springframework.boot.test.context.filter.ExcludeFilterContextCustomizer@4c84888f, org.springframework.boot.test.json.DuplicateJsonObjectContextCustomizerFactory$DuplicateJsonObjectContextCustomizer@53dba20, org.springframework.boot.test.mock.mockito.MockitoContextCustomizer@0, org.springframework.boot.test.web.client.TestRestTemplateContextCustomizer@443447e4, org.springframework.boot.test.context.SpringBootTestArgs@1, org.springframework.boot.test.context.SpringBootTestWebEnvironment@44b082b7], resourceBasePath = 'src/main/webapp', contextLoader = 'org.springframework.boot.test.context.SpringBootContextLoader', parent = [null]], attributes = map['org.springframework.test.context.web.ServletTestExecutionListener.activateListener' -> true]], class annotated with @DirtiesContext [false] with mode [null].
22:22:02.701 [Test worker] DEBUG org.springframework.test.context.support.TestPropertySourceUtils - Adding inlined properties to environment: {spring.jmx.enabled=false, org.springframework.boot.test.context.SpringBootTestContextBootstrapper=true}

  .   ____          _            __ _ _
 /\\ / ___'_ __ _ _(_)_ __  __ _ \ \ \ \
( ( )\___ | '_ | '_| | '_ \/ _` | \ \ \ \
 \\/  ___)| |_)| | | | | || (_| |  ) ) ) )
  '  |____| .__|_| |_|_| |_\__, | / / / /
 =========|_|==============|___/=/_/_/_/
 :: Spring Boot ::                (v2.4.1)

2021-01-11 22:22:03.071  INFO 556 --- [    Test worker] c.y.a.b.d.posts.PostsRepositoryTest      : Starting PostsRepositoryTest using Java 11.0.8 on DESKTOP-R0OVR4N with PID 556 (started by pang2 in C:\Users\82102\OneDrive\Spring_AWS_Book_Ex)
2021-01-11 22:22:03.074  INFO 556 --- [    Test worker] c.y.a.b.d.posts.PostsRepositoryTest      : No active profile set, falling back to default profiles: default
2021-01-11 22:22:04.288  INFO 556 --- [    Test worker] .s.d.r.c.RepositoryConfigurationDelegate : Bootstrapping Spring Data JPA repositories in DEFAULT mode.
2021-01-11 22:22:04.404  INFO 556 --- [    Test worker] .s.d.r.c.RepositoryConfigurationDelegate : Finished Spring Data repository scanning in 102 ms. Found 2 JPA repository interfaces.
2021-01-11 22:22:05.262  INFO 556 --- [    Test worker] com.zaxxer.hikari.HikariDataSource       : HikariPool-1 - Starting...
2021-01-11 22:22:05.592  INFO 556 --- [    Test worker] com.zaxxer.hikari.HikariDataSource       : HikariPool-1 - Start completed.
2021-01-11 22:22:05.727  INFO 556 --- [    Test worker] o.hibernate.jpa.internal.util.LogHelper  : HHH000204: Processing PersistenceUnitInfo [name: default]
2021-01-11 22:22:05.837  INFO 556 --- [    Test worker] org.hibernate.Version                    : HHH000412: Hibernate ORM core version 5.4.25.Final
2021-01-11 22:22:06.126  INFO 556 --- [    Test worker] o.hibernate.annotations.common.Version   : HCANN000001: Hibernate Commons Annotations {5.1.2.Final}
2021-01-11 22:22:06.369  INFO 556 --- [    Test worker] org.hibernate.dialect.Dialect            : HHH000400: Using dialect: org.hibernate.dialect.MySQL57Dialect
2021-01-11 22:22:07.352  INFO 556 --- [    Test worker] o.h.e.t.j.p.i.JtaPlatformInitiator       : HHH000490: Using JtaPlatform implementation: [org.hibernate.engine.transaction.jta.platform.internal.NoJtaPlatform]
2021-01-11 22:22:07.364  INFO 556 --- [    Test worker] j.LocalContainerEntityManagerFactoryBean : Initialized JPA EntityManagerFactory for persistence unit 'default'
2021-01-11 22:22:08.136  WARN 556 --- [    Test worker] JpaBaseConfiguration$JpaWebConfiguration : spring.jpa.open-in-view is enabled by default. Therefore, database queries may be performed during view rendering. Explicitly configure spring.jpa.open-in-view to disable this warning
2021-01-11 22:22:09.034  INFO 556 --- [    Test worker] o.s.s.web.DefaultSecurityFilterChain     : Will secure any request with [org.springframework.security.web.context.request.async.WebAsyncManagerIntegrationFilter@3f00bc4b, org.springframework.security.web.context.SecurityContextPersistenceFilter@691ca783, org.springframework.security.web.header.HeaderWriterFilter@57b5a8cd, org.springframework.security.web.authentication.logout.LogoutFilter@7c5a72d3, org.springframework.security.oauth2.client.web.OAuth2AuthorizationRequestRedirectFilter@6524ec4c, org.springframework.security.oauth2.client.web.OAuth2LoginAuthenticationFilter@417c1ddc, org.springframework.security.web.authentication.ui.DefaultLoginPageGeneratingFilter@14c1373b, org.springframework.security.web.authentication.ui.DefaultLogoutPageGeneratingFilter@4e32084, org.springframework.security.web.savedrequest.RequestCacheAwareFilter@38da1169, org.springframework.security.web.servletapi.SecurityContextHolderAwareRequestFilter@277a39d8, org.springframework.security.web.authentication.AnonymousAuthenticationFilter@7af54c67, org.springframework.security.web.session.SessionManagementFilter@394aad1, org.springframework.security.web.access.ExceptionTranslationFilter@8fb6c05, org.springframework.security.web.access.intercept.FilterSecurityInterceptor@7de79ec4]
2021-01-11 22:22:09.746  INFO 556 --- [    Test worker] o.s.s.concurrent.ThreadPoolTaskExecutor  : Initializing ExecutorService 'applicationTaskExecutor'
2021-01-11 22:22:09.932  INFO 556 --- [    Test worker] o.s.b.a.w.s.WelcomePageHandlerMapping    : Adding welcome page template: index
2021-01-11 22:22:10.416  INFO 556 --- [    Test worker] c.y.a.b.d.posts.PostsRepositoryTest      : Started PostsRepositoryTest in 7.706 seconds (JVM running for 9.75)
>>>>>>>>> createDate = content, modifiedDate = 2021-01-11T22:22:10.866138
]]></system-out>
  <system-err><![CDATA[]]></system-err>
</testsuite>
