<?xml version="1.0" encoding="UTF-8"?>
<testsuite name="com.yneerg.admin.book.web.PostsApiControllerTest" tests="2" skipped="0" failures="0" errors="0" timestamp="2021-01-11T13:22:15" hostname="DESKTOP-R0OVR4N" time="0.221">
  <properties/>
  <testcase name="Posts_등록된다()" classname="com.yneerg.admin.book.web.PostsApiControllerTest" time="0.183"/>
  <testcase name="Posts_수정된다()" classname="com.yneerg.admin.book.web.PostsApiControllerTest" time="0.037"/>
  <system-out><![CDATA[2021-01-11 22:22:15.605  INFO 556 --- [    Test worker] .b.t.c.SpringBootTestContextBootstrapper : Neither @ContextConfiguration nor @ContextHierarchy found for test class [com.yneerg.admin.book.web.PostsApiControllerTest], using SpringBootContextLoader
2021-01-11 22:22:15.607  INFO 556 --- [    Test worker] o.s.t.c.support.AbstractContextLoader    : Could not detect default resource locations for test class [com.yneerg.admin.book.web.PostsApiControllerTest]: no resource found for suffixes {-context.xml, Context.groovy}.
2021-01-11 22:22:15.607  INFO 556 --- [    Test worker] t.c.s.AnnotationConfigContextLoaderUtils : Could not detect default configuration classes for test class [com.yneerg.admin.book.web.PostsApiControllerTest]: PostsApiControllerTest does not declare any static, non-private, non-final, nested classes annotated with @Configuration.
2021-01-11 22:22:15.611  INFO 556 --- [    Test worker] .b.t.c.SpringBootTestContextBootstrapper : Found @SpringBootConfiguration com.yneerg.admin.book.Application for test class com.yneerg.admin.book.web.PostsApiControllerTest
2021-01-11 22:22:15.613  INFO 556 --- [    Test worker] .b.t.c.SpringBootTestContextBootstrapper : Loaded default TestExecutionListener class names from location [META-INF/spring.factories]: [org.springframework.security.test.context.support.WithSecurityContextTestExecutionListener, org.springframework.security.test.context.support.ReactorContextTestExecutionListener, org.springframework.boot.test.autoconfigure.restdocs.RestDocsTestExecutionListener, org.springframework.boot.test.autoconfigure.web.client.MockRestServiceServerResetTestExecutionListener, org.springframework.boot.test.autoconfigure.web.servlet.MockMvcPrintOnlyOnFailureTestExecutionListener, org.springframework.boot.test.autoconfigure.web.servlet.WebDriverTestExecutionListener, org.springframework.boot.test.autoconfigure.webservices.client.MockWebServiceServerTestExecutionListener, org.springframework.boot.test.mock.mockito.MockitoTestExecutionListener, org.springframework.boot.test.mock.mockito.ResetMocksTestExecutionListener, org.springframework.test.context.web.ServletTestExecutionListener, org.springframework.test.context.support.DirtiesContextBeforeModesTestExecutionListener, org.springframework.test.context.support.DependencyInjectionTestExecutionListener, org.springframework.test.context.support.DirtiesContextTestExecutionListener, org.springframework.test.context.transaction.TransactionalTestExecutionListener, org.springframework.test.context.jdbc.SqlScriptsTestExecutionListener, org.springframework.test.context.event.EventPublishingTestExecutionListener]
2021-01-11 22:22:15.615  INFO 556 --- [    Test worker] .b.t.c.SpringBootTestContextBootstrapper : Using TestExecutionListeners: [org.springframework.test.context.web.ServletTestExecutionListener@1d2c82bd, org.springframework.test.context.support.DirtiesContextBeforeModesTestExecutionListener@667f1c10, org.springframework.boot.test.mock.mockito.MockitoTestExecutionListener@390356ef, org.springframework.boot.test.autoconfigure.SpringBootDependencyInjectionTestExecutionListener@2d11b859, org.springframework.test.context.support.DirtiesContextTestExecutionListener@5451fe2c, org.springframework.test.context.transaction.TransactionalTestExecutionListener@4ad0e72a, org.springframework.test.context.jdbc.SqlScriptsTestExecutionListener@694764b1, org.springframework.security.test.context.support.WithSecurityContextTestExecutionListener@49b4dab0, org.springframework.test.context.event.EventPublishingTestExecutionListener@124ffd34, org.springframework.security.test.context.support.ReactorContextTestExecutionListener@5febb1e0, org.springframework.boot.test.autoconfigure.restdocs.RestDocsTestExecutionListener@d5b2440, org.springframework.boot.test.autoconfigure.web.client.MockRestServiceServerResetTestExecutionListener@62551e01, org.springframework.boot.test.autoconfigure.web.servlet.MockMvcPrintOnlyOnFailureTestExecutionListener@f1ee922, org.springframework.boot.test.autoconfigure.web.servlet.WebDriverTestExecutionListener@df82d90, org.springframework.boot.test.autoconfigure.webservices.client.MockWebServiceServerTestExecutionListener@5955714b, org.springframework.boot.test.mock.mockito.ResetMocksTestExecutionListener@133ad976]
2021-01-11 22:22:15.629  INFO 556 --- [    Test worker] o.a.c.c.C.[Tomcat].[localhost].[/]       : Initializing Spring TestDispatcherServlet ''
2021-01-11 22:22:15.629  INFO 556 --- [    Test worker] o.s.t.web.servlet.TestDispatcherServlet  : Initializing Servlet ''
2021-01-11 22:22:15.630  INFO 556 --- [    Test worker] o.s.t.web.servlet.TestDispatcherServlet  : Completed initialization in 1 ms
2021-01-11 22:22:15.808  INFO 556 --- [    Test worker] o.a.c.c.C.[Tomcat].[localhost].[/]       : Initializing Spring TestDispatcherServlet ''
2021-01-11 22:22:15.808  INFO 556 --- [    Test worker] o.s.t.web.servlet.TestDispatcherServlet  : Initializing Servlet ''
2021-01-11 22:22:15.809  INFO 556 --- [    Test worker] o.s.t.web.servlet.TestDispatcherServlet  : Completed initialization in 1 ms
]]></system-out>
  <system-err><![CDATA[]]></system-err>
</testsuite>
